nohup: ignoring input
2022-10-10 15:33:34.975 | INFO     | __main__:<module>:186 - mixing_transaction_set already
2022-10-10 15:33:42.502 | INFO     | __main__:<module>:189 - already_address_set already
2022-10-10 15:33:43.286 | INFO     | __main__:extract_white_address_features:51 - 0------0 /// 7434
2022-10-10 15:33:43.472 | INFO     | __main__:extract_white_address_features:51 - 1------0 /// 7434
2022-10-10 15:33:43.680 | INFO     | __main__:extract_white_address_features:51 - 2------0 /// 7434
2022-10-10 15:33:43.873 | INFO     | __main__:extract_white_address_features:51 - 3------0 /// 7434
2022-10-10 15:33:44.067 | INFO     | __main__:extract_white_address_features:51 - 4------0 /// 7434
2022-10-10 15:33:44.264 | INFO     | __main__:extract_white_address_features:51 - 5------0 /// 7434
2022-10-10 15:33:44.461 | INFO     | __main__:extract_white_address_features:51 - 6------0 /// 7434
2022-10-10 15:33:44.665 | INFO     | __main__:extract_white_address_features:51 - 7------0 /// 7434
2022-10-10 15:33:44.866 | INFO     | __main__:extract_white_address_features:51 - 8------0 /// 7434
2022-10-10 15:33:45.066 | INFO     | __main__:extract_white_address_features:51 - 9------0 /// 7439
2022-10-10 15:35:53.016 | INFO     | __main__:extract_white_address_features:51 - 4------1000 /// 7434
2022-10-10 15:36:02.522 | INFO     | __main__:extract_white_address_features:51 - 6------1000 /// 7434
2022-10-10 15:36:03.479 | INFO     | __main__:extract_white_address_features:51 - 2------1000 /// 7434
2022-10-10 15:36:09.653 | INFO     | __main__:extract_white_address_features:51 - 1------1000 /// 7434
2022-10-10 15:36:31.855 | INFO     | __main__:extract_white_address_features:51 - 8------1000 /// 7434
2022-10-10 15:36:37.576 | INFO     | __main__:extract_white_address_features:51 - 9------1000 /// 7439
2022-10-10 15:37:07.104 | INFO     | __main__:extract_white_address_features:51 - 5------1000 /// 7434
2022-10-10 15:37:12.473 | INFO     | __main__:extract_white_address_features:51 - 0------1000 /// 7434
2022-10-10 15:37:35.604 | INFO     | __main__:extract_white_address_features:51 - 6------2000 /// 7434
2022-10-10 15:37:51.331 | INFO     | __main__:extract_white_address_features:51 - 1------2000 /// 7434
2022-10-10 15:38:18.899 | INFO     | __main__:extract_white_address_features:51 - 4------2000 /// 7434
2022-10-10 15:38:36.812 | INFO     | __main__:extract_white_address_features:51 - 9------2000 /// 7439
2022-10-10 15:38:53.009 | INFO     | __main__:extract_white_address_features:51 - 0------2000 /// 7434
2022-10-10 15:39:21.680 | INFO     | __main__:extract_white_address_features:51 - 7------1000 /// 7434
2022-10-10 15:39:25.659 | INFO     | __main__:extract_white_address_features:51 - 8------2000 /// 7434
2022-10-10 15:39:30.276 | INFO     | __main__:extract_white_address_features:51 - 5------2000 /// 7434
2022-10-10 15:39:45.289 | INFO     | __main__:extract_white_address_features:51 - 6------3000 /// 7434
2022-10-10 15:40:03.968 | INFO     | __main__:extract_white_address_features:51 - 4------3000 /// 7434
2022-10-10 15:40:51.810 | INFO     | __main__:extract_white_address_features:51 - 9------3000 /// 7439
2022-10-10 15:41:02.794 | INFO     | __main__:extract_white_address_features:51 - 8------3000 /// 7434
2022-10-10 15:41:05.377 | INFO     | __main__:extract_white_address_features:51 - 7------2000 /// 7434
2022-10-10 15:41:20.841 | INFO     | __main__:extract_white_address_features:51 - 6------4000 /// 7434
2022-10-10 15:41:25.234 | INFO     | __main__:extract_white_address_features:51 - 5------3000 /// 7434
2022-10-10 15:42:20.917 | INFO     | __main__:extract_white_address_features:51 - 1------3000 /// 7434
2022-10-10 15:42:46.449 | INFO     | __main__:extract_white_address_features:51 - 8------4000 /// 7434
2022-10-10 15:42:56.319 | INFO     | __main__:extract_white_address_features:51 - 7------3000 /// 7434
2022-10-10 15:42:57.738 | INFO     | __main__:extract_white_address_features:51 - 0------3000 /// 7434
2022-10-10 15:43:30.256 | INFO     | __main__:extract_white_address_features:51 - 4------4000 /// 7434
2022-10-10 15:43:38.438 | INFO     | __main__:extract_white_address_features:51 - 6------5000 /// 7434
2022-10-10 15:43:50.735 | INFO     | __main__:extract_white_address_features:51 - 9------4000 /// 7439
2022-10-10 15:43:57.891 | INFO     | __main__:extract_white_address_features:51 - 5------4000 /// 7434
2022-10-10 15:44:14.165 | INFO     | __main__:extract_white_address_features:51 - 2------2000 /// 7434
2022-10-10 15:44:17.620 | INFO     | __main__:extract_white_address_features:51 - 1------4000 /// 7434
2022-10-10 15:44:31.046 | INFO     | __main__:extract_white_address_features:51 - 7------4000 /// 7434
2022-10-10 15:44:41.291 | INFO     | __main__:extract_white_address_features:51 - 8------5000 /// 7434
2022-10-10 15:44:42.792 | INFO     | __main__:extract_white_address_features:51 - 0------4000 /// 7434
2022-10-10 15:44:49.597 | INFO     | __main__:extract_white_address_features:51 - 9------5000 /// 7439
2022-10-10 15:44:52.739 | INFO     | __main__:extract_white_address_features:51 - 4------5000 /// 7434
2022-10-10 15:45:09.793 | INFO     | __main__:extract_white_address_features:51 - 2------3000 /// 7434
2022-10-10 15:45:54.032 | INFO     | __main__:extract_white_address_features:51 - 6------6000 /// 7434
2022-10-10 15:46:26.505 | INFO     | __main__:extract_white_address_features:51 - 1------5000 /// 7434
2022-10-10 15:46:30.508 | INFO     | __main__:extract_white_address_features:51 - 5------5000 /// 7434
2022-10-10 15:46:41.716 | INFO     | __main__:extract_white_address_features:51 - 7------5000 /// 7434
2022-10-10 15:46:42.988 | INFO     | __main__:extract_white_address_features:51 - 8------6000 /// 7434
2022-10-10 15:46:44.690 | INFO     | __main__:extract_white_address_features:51 - 2------4000 /// 7434
2022-10-10 15:47:01.346 | INFO     | __main__:extract_white_address_features:51 - 9------6000 /// 7439
2022-10-10 15:47:22.778 | INFO     | __main__:extract_white_address_features:51 - 0------5000 /// 7434
2022-10-10 15:47:47.226 | INFO     | __main__:extract_white_address_features:51 - 2------5000 /// 7434
2022-10-10 15:47:48.105 | INFO     | __main__:extract_white_address_features:51 - 4------6000 /// 7434
2022-10-10 15:48:32.622 | INFO     | __main__:extract_white_address_features:51 - 7------6000 /// 7434
2022-10-10 15:48:40.354 | INFO     | __main__:extract_white_address_features:51 - 9------7000 /// 7439
2022-10-10 15:48:55.426 | INFO     | __main__:extract_white_address_features:51 - 0------6000 /// 7434
2022-10-10 15:49:08.677 | INFO     | __main__:extract_white_address_features:51 - 4------7000 /// 7434
2022-10-10 15:49:19.114 | INFO     | __main__:extract_white_address_features:51 - 1------6000 /// 7434
2022-10-10 15:49:25.855 | INFO     | __main__:extract_white_address_features:162 - 9       finish
2022-10-10 15:49:37.145 | INFO     | __main__:extract_white_address_features:51 - 5------6000 /// 7434
2022-10-10 15:49:46.775 | INFO     | __main__:extract_white_address_features:162 - 4       finish
2022-10-10 15:50:10.542 | INFO     | __main__:extract_white_address_features:51 - 2------6000 /// 7434
2022-10-10 15:50:12.874 | INFO     | __main__:extract_white_address_features:51 - 7------7000 /// 7434
2022-10-10 15:51:20.471 | INFO     | __main__:extract_white_address_features:51 - 1------7000 /// 7434
2022-10-10 15:51:36.157 | INFO     | __main__:extract_white_address_features:162 - 7       finish
2022-10-10 15:51:50.784 | INFO     | __main__:extract_white_address_features:51 - 2------7000 /// 7434
2022-10-10 15:51:58.189 | INFO     | __main__:extract_white_address_features:162 - 1       finish
2022-10-10 15:52:03.473 | INFO     | __main__:extract_white_address_features:51 - 0------7000 /// 7434
2022-10-10 15:52:11.423 | INFO     | __main__:extract_white_address_features:51 - 6------7000 /// 7434
2022-10-10 15:52:26.898 | INFO     | __main__:extract_white_address_features:162 - 6       finish
2022-10-10 15:52:38.256 | INFO     | __main__:extract_white_address_features:162 - 2       finish
2022-10-10 15:52:40.245 | INFO     | __main__:extract_white_address_features:51 - 5------7000 /// 7434
2022-10-10 15:52:43.770 | INFO     | __main__:extract_white_address_features:162 - 0       finish
2022-10-10 15:53:02.336 | INFO     | __main__:extract_white_address_features:51 - 8------7000 /// 7434
2022-10-10 15:53:23.958 | INFO     | __main__:extract_white_address_features:162 - 8       finish
2022-10-10 15:53:25.518 | INFO     | __main__:extract_white_address_features:162 - 5       finish
