2022-10-11T02:19:18.389701+0000 DEBUG             ///////           0
2022-10-11T02:19:18.548089+0000 INFO :self:1HqoNfpAJFMy9E36DBSk1ktPQ9o9fn2RxX
2022-10-11T02:19:18.548810+0000 INFO :self:15Y2TmHrxjmRFxfNUttwb9aU4DifvDpWKM
2022-10-11T02:19:18.553769+0000 INFO :self:15fbyNgDnqYQR5vSHJ8PTAEJbKy4dwNBCZ
2022-10-11T02:19:21.078304+0000 INFO :self:1MzmQJXfxG9s5krWCaAegNKbrUaSokVKVi
2022-10-11T02:19:42.394538+0000 INFO :self:1C5sMWmqaGYouXQah5D2Kn3P8aEEwYcEU8
2022-10-11T02:20:00.073818+0000 INFO :self:1FUEYosFFP9X93yrPzeW5YQpbtpg8eq5Gd
2022-10-11T02:20:02.788556+0000 INFO :self:13mhxQBRh7bw9RRXngxcfzMm8xyJkhced8
2022-10-11T02:20:18.058336+0000 INFO :self:1JCYLLp5RL2VqvcWnniUfYE8v2Zf7V7SWA
2022-10-11T02:23:19.531247+0000 DEBUG             ///////           0
2022-10-11T02:25:13.146810+0000 DEBUG             ///////           1000
2022-10-11T02:27:00.108117+0000 DEBUG             ///////           2000
2022-10-11T02:28:55.387164+0000 DEBUG             ///////           3000
2022-10-11T02:31:42.864884+0000 DEBUG             ///////           4000
2022-10-11T02:31:48.589094+0000 DEBUG             ///////           5000
2022-10-11T02:31:55.121636+0000 DEBUG             ///////           6000
2022-10-11T02:32:01.426370+0000 DEBUG             ///////           7000
2022-10-11T02:32:06.497265+0000 DEBUG             ///////           8000
2022-10-11T02:32:11.390676+0000 DEBUG             ///////           9000
2022-10-11T02:32:16.249544+0000 DEBUG             ///////           10000
2022-10-11T02:32:19.034780+0000 DEBUG             ///////           11000
2022-10-11T02:32:21.788433+0000 DEBUG             ///////           12000
2022-10-11T02:32:24.685782+0000 DEBUG             ///////           13000
2022-10-11T02:32:27.469942+0000 DEBUG             ///////           14000
2022-10-11T02:32:30.263488+0000 DEBUG             ///////           15000
2022-10-11T02:32:33.018563+0000 DEBUG             ///////           16000
2022-10-11T02:32:35.821319+0000 DEBUG             ///////           17000
2022-10-11T02:32:38.553416+0000 DEBUG             ///////           18000
2022-10-11T02:32:41.231944+0000 DEBUG             ///////           19000
2022-10-11T02:32:43.916564+0000 DEBUG             ///////           20000
2022-10-11T02:32:48.968248+0000 DEBUG             ///////           21000
2022-10-11T02:32:57.350223+0000 DEBUG             ///////           22000
2022-10-11T02:33:02.702622+0000 DEBUG             ///////           23000
2022-10-11T02:33:07.617683+0000 DEBUG             ///////           24000
2022-10-12T22:07:02.630233+0800 DEBUG             ///////           0
2022-10-12T22:09:28.825046+0800 DEBUG             ///////           1000
2022-10-12T22:11:45.124181+0800 DEBUG             ///////           2000
2022-10-12T22:14:11.465197+0800 DEBUG             ///////           3000
2022-10-12T22:17:44.905665+0800 DEBUG             ///////           4000
2022-10-12T22:17:51.622402+0800 DEBUG             ///////           5000
2022-10-12T22:17:59.118739+0800 DEBUG             ///////           6000
2022-10-12T22:18:06.445149+0800 DEBUG             ///////           7000
2022-10-12T22:18:12.242781+0800 DEBUG             ///////           8000
2022-10-12T22:18:17.838258+0800 DEBUG             ///////           9000
2022-10-12T22:18:23.470351+0800 DEBUG             ///////           10000
2022-10-12T22:18:26.620711+0800 DEBUG             ///////           11000
2022-10-12T22:18:29.710429+0800 DEBUG             ///////           12000
2022-10-12T22:18:32.903108+0800 DEBUG             ///////           13000
2022-10-12T22:18:35.987045+0800 DEBUG             ///////           14000
2022-10-12T22:18:39.072934+0800 DEBUG             ///////           15000
2022-10-12T22:18:42.117328+0800 DEBUG             ///////           16000
2022-10-12T22:18:45.170571+0800 DEBUG             ///////           17000
2022-10-12T22:18:48.234458+0800 DEBUG             ///////           18000
2022-10-12T22:18:51.227294+0800 DEBUG             ///////           19000
2022-10-12T22:18:54.309122+0800 DEBUG             ///////           20000
2022-10-12T22:19:00.332229+0800 DEBUG             ///////           21000
2022-10-12T22:19:10.408248+0800 DEBUG             ///////           22000
2022-10-12T22:19:16.496836+0800 DEBUG             ///////           23000
2022-10-12T22:19:22.180632+0800 DEBUG             ///////           24000
2022-10-12T22:28:40.508252+0800 DEBUG             ///////           0
2022-10-12T22:31:20.654588+0800 DEBUG             ///////           1000
2022-10-12T22:33:42.984327+0800 DEBUG             ///////           2000
2022-10-12T22:36:12.705533+0800 DEBUG             ///////           3000
2022-10-12T22:39:52.674873+0800 DEBUG             ///////           4000
2022-10-12T22:39:59.778564+0800 DEBUG             ///////           5000
2022-10-12T22:40:07.727819+0800 DEBUG             ///////           6000
2022-10-12T22:40:16.231080+0800 DEBUG             ///////           7000
2022-10-12T22:40:23.086770+0800 DEBUG             ///////           8000
2022-10-12T22:40:29.751874+0800 DEBUG             ///////           9000
2022-10-12T22:40:36.426310+0800 DEBUG             ///////           10000
2022-10-12T22:40:40.333263+0800 DEBUG             ///////           11000
2022-10-12T22:40:44.163398+0800 DEBUG             ///////           12000
2022-10-12T22:40:48.118682+0800 DEBUG             ///////           13000
2022-10-12T22:40:51.964184+0800 DEBUG             ///////           14000
2022-10-12T22:40:55.766172+0800 DEBUG             ///////           15000
2022-10-12T22:40:59.576896+0800 DEBUG             ///////           16000
2022-10-12T22:41:03.361655+0800 DEBUG             ///////           17000
2022-10-12T22:41:07.271690+0800 DEBUG             ///////           18000
2022-10-12T22:41:11.001894+0800 DEBUG             ///////           19000
2022-10-12T22:41:14.733587+0800 DEBUG             ///////           20000
2022-10-12T22:41:21.744290+0800 DEBUG             ///////           21000
2022-10-12T22:41:33.332763+0800 DEBUG             ///////           22000
2022-10-12T22:41:40.593302+0800 DEBUG             ///////           23000
2022-10-12T22:41:47.383993+0800 DEBUG             ///////           24000
