nohup: ignoring input
2022-10-10 09:19:17.235 | INFO     | __main__:<module>:186 - mixing_transaction_set already
2022-10-10 09:19:24.420 | INFO     | __main__:<module>:189 - already_address_set already
2022-10-10 09:19:25.172 | INFO     | __main__:extract_white_address_features:51 - 0------0 /// 74345
2022-10-10 09:19:25.416 | INFO     | __main__:extract_white_address_features:51 - 1------0 /// 74345
2022-10-10 09:19:25.619 | INFO     | __main__:extract_white_address_features:51 - 2------0 /// 74345
2022-10-10 09:19:25.859 | INFO     | __main__:extract_white_address_features:51 - 3------0 /// 74345
2022-10-10 09:19:26.040 | INFO     | __main__:extract_white_address_features:51 - 4------0 /// 74345
2022-10-10 09:19:26.251 | INFO     | __main__:extract_white_address_features:51 - 5------0 /// 74345
2022-10-10 09:19:26.449 | INFO     | __main__:extract_white_address_features:51 - 6------0 /// 74345
2022-10-10 09:19:26.675 | INFO     | __main__:extract_white_address_features:51 - 7------0 /// 74345
2022-10-10 09:19:26.873 | INFO     | __main__:extract_white_address_features:51 - 8------0 /// 74345
2022-10-10 09:19:27.079 | INFO     | __main__:extract_white_address_features:51 - 9------0 /// 74345
2022-10-10 09:21:19.711 | INFO     | __main__:extract_white_address_features:51 - 0------1000 /// 74345
2022-10-10 09:21:35.879 | INFO     | __main__:extract_white_address_features:51 - 5------1000 /// 74345
2022-10-10 09:21:37.049 | INFO     | __main__:extract_white_address_features:51 - 3------1000 /// 74345
2022-10-10 09:21:39.274 | INFO     | __main__:extract_white_address_features:51 - 1------1000 /// 74345
2022-10-10 09:21:57.697 | INFO     | __main__:extract_white_address_features:51 - 2------1000 /// 74345
2022-10-10 09:22:00.750 | INFO     | __main__:extract_white_address_features:51 - 7------1000 /// 74345
2022-10-10 09:22:03.814 | INFO     | __main__:extract_white_address_features:51 - 4------1000 /// 74345
2022-10-10 09:22:21.804 | INFO     | __main__:extract_white_address_features:51 - 8------1000 /// 74345
2022-10-10 09:23:17.283 | INFO     | __main__:extract_white_address_features:51 - 9------1000 /// 74345
2022-10-10 09:24:19.951 | INFO     | __main__:extract_white_address_features:51 - 1------2000 /// 74345
2022-10-10 09:24:29.803 | INFO     | __main__:extract_white_address_features:51 - 4------2000 /// 74345
2022-10-10 09:24:30.971 | INFO     | __main__:extract_white_address_features:51 - 5------2000 /// 74345
2022-10-10 09:24:53.230 | INFO     | __main__:extract_white_address_features:51 - 3------2000 /// 74345
2022-10-10 09:25:00.137 | INFO     | __main__:extract_white_address_features:51 - 6------1000 /// 74345
2022-10-10 09:25:26.876 | INFO     | __main__:extract_white_address_features:51 - 2------2000 /// 74345
2022-10-10 09:25:27.038 | INFO     | __main__:extract_white_address_features:51 - 7------2000 /// 74345
2022-10-10 09:25:42.857 | INFO     | __main__:extract_white_address_features:51 - 9------2000 /// 74345
2022-10-10 09:26:06.121 | INFO     | __main__:extract_white_address_features:51 - 8------2000 /// 74345
2022-10-10 09:26:26.646 | INFO     | __main__:extract_white_address_features:51 - 1------3000 /// 74345
2022-10-10 09:26:37.640 | INFO     | __main__:extract_white_address_features:51 - 3------3000 /// 74345
2022-10-10 09:26:50.588 | INFO     | __main__:extract_white_address_features:51 - 7------3000 /// 74345
2022-10-10 09:26:55.578 | INFO     | __main__:extract_white_address_features:51 - 0------2000 /// 74345
2022-10-10 09:27:15.340 | INFO     | __main__:extract_white_address_features:51 - 4------3000 /// 74345
2022-10-10 09:27:17.237 | INFO     | __main__:extract_white_address_features:51 - 8------3000 /// 74345
2022-10-10 09:27:22.948 | INFO     | __main__:extract_white_address_features:51 - 5------3000 /// 74345
2022-10-10 09:28:17.655 | INFO     | __main__:extract_white_address_features:51 - 0------3000 /// 74345
2022-10-10 09:28:34.082 | INFO     | __main__:extract_white_address_features:51 - 7------4000 /// 74345
2022-10-10 09:28:51.555 | INFO     | __main__:extract_white_address_features:51 - 1------4000 /// 74345
2022-10-10 09:29:03.783 | INFO     | __main__:extract_white_address_features:51 - 9------3000 /// 74345
2022-10-10 09:29:13.284 | INFO     | __main__:extract_white_address_features:51 - 4------4000 /// 74345
2022-10-10 09:29:24.255 | INFO     | __main__:extract_white_address_features:51 - 5------4000 /// 74345
2022-10-10 09:29:38.870 | INFO     | __main__:extract_white_address_features:51 - 0------4000 /// 74345
2022-10-10 09:30:12.884 | INFO     | __main__:extract_white_address_features:51 - 8------4000 /// 74345
2022-10-10 09:30:59.892 | INFO     | __main__:extract_white_address_features:51 - 1------5000 /// 74345
2022-10-10 09:31:03.693 | INFO     | __main__:extract_white_address_features:51 - 9------4000 /// 74345
2022-10-10 09:31:09.418 | INFO     | __main__:extract_white_address_features:51 - 7------5000 /// 74345
2022-10-10 09:31:15.509 | INFO     | __main__:extract_white_address_features:51 - 2------3000 /// 74345
2022-10-10 09:31:57.870 | INFO     | __main__:extract_white_address_features:51 - 5------5000 /// 74345
2022-10-10 09:32:13.901 | INFO     | __main__:extract_white_address_features:51 - 3------4000 /// 74345
2022-10-10 09:32:14.768 | INFO     | __main__:extract_white_address_features:51 - 0------5000 /// 74345
2022-10-10 09:32:17.610 | INFO     | __main__:extract_white_address_features:51 - 2------4000 /// 74345
2022-10-10 09:32:18.876 | INFO     | __main__:extract_white_address_features:51 - 4------5000 /// 74345
2022-10-10 09:32:26.013 | INFO     | __main__:extract_white_address_features:51 - 6------2000 /// 74345
2022-10-10 09:32:48.777 | INFO     | __main__:extract_white_address_features:51 - 8------5000 /// 74345
2022-10-10 09:33:14.877 | INFO     | __main__:extract_white_address_features:51 - 3------5000 /// 74345
2022-10-10 09:33:27.785 | INFO     | __main__:extract_white_address_features:51 - 9------5000 /// 74345
2022-10-10 09:33:47.796 | INFO     | __main__:extract_white_address_features:51 - 0------6000 /// 74345
2022-10-10 09:33:51.011 | INFO     | __main__:extract_white_address_features:51 - 1------6000 /// 74345
2022-10-10 09:33:56.010 | INFO     | __main__:extract_white_address_features:51 - 7------6000 /// 74345
2022-10-10 09:34:26.579 | INFO     | __main__:extract_white_address_features:51 - 4------6000 /// 74345
2022-10-10 09:34:40.810 | INFO     | __main__:extract_white_address_features:51 - 2------5000 /// 74345
2022-10-10 09:34:47.872 | INFO     | __main__:extract_white_address_features:51 - 6------3000 /// 74345
2022-10-10 09:35:07.924 | INFO     | __main__:extract_white_address_features:51 - 8------6000 /// 74345
2022-10-10 09:35:12.316 | INFO     | __main__:extract_white_address_features:51 - 9------6000 /// 74345
2022-10-10 09:35:46.043 | INFO     | __main__:extract_white_address_features:51 - 1------7000 /// 74345
2022-10-10 09:36:13.755 | INFO     | __main__:extract_white_address_features:51 - 2------6000 /// 74345
2022-10-10 09:36:19.424 | INFO     | __main__:extract_white_address_features:51 - 0------7000 /// 74345
2022-10-10 09:36:26.012 | INFO     | __main__:extract_white_address_features:51 - 7------7000 /// 74345
2022-10-10 09:36:28.618 | INFO     | __main__:extract_white_address_features:51 - 4------7000 /// 74345
2022-10-10 09:36:37.924 | INFO     | __main__:extract_white_address_features:51 - 3------6000 /// 74345
2022-10-10 09:36:57.188 | INFO     | __main__:extract_white_address_features:51 - 8------7000 /// 74345
2022-10-10 09:37:55.085 | INFO     | __main__:extract_white_address_features:51 - 6------4000 /// 74345
2022-10-10 09:38:21.207 | INFO     | __main__:extract_white_address_features:51 - 0------8000 /// 74345
2022-10-10 09:38:43.660 | INFO     | __main__:extract_white_address_features:51 - 9------7000 /// 74345
2022-10-10 09:38:47.861 | INFO     | __main__:extract_white_address_features:51 - 4------8000 /// 74345
2022-10-10 09:39:02.207 | INFO     | __main__:extract_white_address_features:51 - 5------6000 /// 74345
2022-10-10 09:39:22.891 | INFO     | __main__:extract_white_address_features:51 - 7------8000 /// 74345
2022-10-10 09:39:36.896 | INFO     | __main__:extract_white_address_features:51 - 3------7000 /// 74345
2022-10-10 09:39:47.302 | INFO     | __main__:extract_white_address_features:51 - 8------8000 /// 74345
2022-10-10 09:39:50.603 | INFO     | __main__:extract_white_address_features:51 - 1------8000 /// 74345
2022-10-10 09:40:33.980 | INFO     | __main__:extract_white_address_features:51 - 4------9000 /// 74345
2022-10-10 09:40:39.456 | INFO     | __main__:extract_white_address_features:51 - 6------5000 /// 74345
2022-10-10 09:40:42.777 | INFO     | __main__:extract_white_address_features:51 - 9------8000 /// 74345
2022-10-10 09:40:55.680 | INFO     | __main__:extract_white_address_features:51 - 0------9000 /// 74345
2022-10-10 09:41:20.966 | INFO     | __main__:extract_white_address_features:51 - 7------9000 /// 74345
2022-10-10 09:41:31.953 | INFO     | __main__:extract_white_address_features:51 - 1------9000 /// 74345
2022-10-10 09:41:39.312 | INFO     | __main__:extract_white_address_features:51 - 8------9000 /// 74345
2022-10-10 09:41:55.090 | INFO     | __main__:extract_white_address_features:51 - 3------8000 /// 74345
2022-10-10 09:42:22.299 | INFO     | __main__:extract_white_address_features:51 - 4------10000 /// 74345
2022-10-10 09:42:44.728 | INFO     | __main__:extract_white_address_features:51 - 9------9000 /// 74345
2022-10-10 09:42:59.582 | INFO     | __main__:extract_white_address_features:51 - 5------7000 /// 74345
2022-10-10 09:43:11.076 | INFO     | __main__:extract_white_address_features:51 - 1------10000 /// 74345
2022-10-10 09:43:11.479 | INFO     | __main__:extract_white_address_features:51 - 2------7000 /// 74345
2022-10-10 09:43:15.255 | INFO     | __main__:extract_white_address_features:51 - 6------6000 /// 74345
2022-10-10 09:43:19.212 | INFO     | __main__:extract_white_address_features:51 - 3------9000 /// 74345
2022-10-10 09:44:01.923 | INFO     | __main__:extract_white_address_features:51 - 2------8000 /// 74345
2022-10-10 09:44:41.644 | INFO     | __main__:extract_white_address_features:51 - 0------10000 /// 74345
2022-10-10 09:44:48.066 | INFO     | __main__:extract_white_address_features:51 - 3------10000 /// 74345
2022-10-10 09:44:50.311 | INFO     | __main__:extract_white_address_features:51 - 8------10000 /// 74345
2022-10-10 09:44:59.750 | INFO     | __main__:extract_white_address_features:51 - 2------9000 /// 74345
2022-10-10 09:45:21.184 | INFO     | __main__:extract_white_address_features:51 - 5------8000 /// 74345
2022-10-10 09:45:39.627 | INFO     | __main__:extract_white_address_features:51 - 1------11000 /// 74345
2022-10-10 09:45:42.121 | INFO     | __main__:extract_white_address_features:51 - 6------7000 /// 74345
2022-10-10 09:45:55.797 | INFO     | __main__:extract_white_address_features:51 - 7------10000 /// 74345
2022-10-10 09:46:24.793 | INFO     | __main__:extract_white_address_features:51 - 2------10000 /// 74345
2022-10-10 09:46:31.822 | INFO     | __main__:extract_white_address_features:51 - 0------11000 /// 74345
2022-10-10 09:46:38.085 | INFO     | __main__:extract_white_address_features:51 - 9------10000 /// 74345
2022-10-10 09:46:50.457 | INFO     | __main__:extract_white_address_features:51 - 3------11000 /// 74345
2022-10-10 09:46:53.541 | INFO     | __main__:extract_white_address_features:51 - 4------11000 /// 74345
2022-10-10 09:47:16.841 | INFO     | __main__:extract_white_address_features:51 - 8------11000 /// 74345
2022-10-10 09:47:34.163 | INFO     | __main__:extract_white_address_features:51 - 4------12000 /// 74345
2022-10-10 09:47:46.829 | INFO     | __main__:extract_white_address_features:51 - 5------9000 /// 74345
2022-10-10 09:48:26.807 | INFO     | __main__:extract_white_address_features:51 - 0------12000 /// 74345
2022-10-10 09:48:28.139 | INFO     | __main__:extract_white_address_features:51 - 7------11000 /// 74345
2022-10-10 09:48:29.523 | INFO     | __main__:extract_white_address_features:51 - 1------12000 /// 74345
2022-10-10 09:48:42.718 | INFO     | __main__:extract_white_address_features:51 - 6------8000 /// 74345
2022-10-10 09:48:49.990 | INFO     | __main__:extract_white_address_features:51 - 4------13000 /// 74345
2022-10-10 09:48:52.828 | INFO     | __main__:extract_white_address_features:51 - 2------11000 /// 74345
2022-10-10 09:49:10.622 | INFO     | __main__:extract_white_address_features:51 - 9------11000 /// 74345
2022-10-10 09:50:08.862 | INFO     | __main__:extract_white_address_features:51 - 1------13000 /// 74345
2022-10-10 09:50:15.121 | INFO     | __main__:extract_white_address_features:51 - 0------13000 /// 74345
2022-10-10 09:50:20.332 | INFO     | __main__:extract_white_address_features:51 - 2------12000 /// 74345
2022-10-10 09:50:44.555 | INFO     | __main__:extract_white_address_features:51 - 4------14000 /// 74345
2022-10-10 09:50:55.410 | INFO     | __main__:extract_white_address_features:51 - 7------12000 /// 74345
2022-10-10 09:51:19.620 | INFO     | __main__:extract_white_address_features:51 - 9------12000 /// 74345
2022-10-10 09:51:43.757 | INFO     | __main__:extract_white_address_features:51 - 8------12000 /// 74345
2022-10-10 09:52:04.245 | INFO     | __main__:extract_white_address_features:51 - 3------12000 /// 74345
2022-10-10 09:52:33.252 | INFO     | __main__:extract_white_address_features:51 - 5------10000 /// 74345
2022-10-10 09:52:42.666 | INFO     | __main__:extract_white_address_features:51 - 0------14000 /// 74345
2022-10-10 09:53:09.813 | INFO     | __main__:extract_white_address_features:51 - 4------15000 /// 74345
2022-10-10 09:53:31.354 | INFO     | __main__:extract_white_address_features:51 - 2------13000 /// 74345
2022-10-10 09:53:57.897 | INFO     | __main__:extract_white_address_features:51 - 6------9000 /// 74345
2022-10-10 09:54:03.735 | INFO     | __main__:extract_white_address_features:51 - 1------14000 /// 74345
2022-10-10 09:54:22.157 | INFO     | __main__:extract_white_address_features:51 - 9------13000 /// 74345
2022-10-10 09:54:55.825 | INFO     | __main__:extract_white_address_features:51 - 0------15000 /// 74345
2022-10-10 09:54:57.803 | INFO     | __main__:extract_white_address_features:51 - 3------13000 /// 74345
2022-10-10 09:55:09.630 | INFO     | __main__:extract_white_address_features:51 - 8------13000 /// 74345
2022-10-10 09:55:30.845 | INFO     | __main__:extract_white_address_features:51 - 2------14000 /// 74345
2022-10-10 09:55:31.439 | INFO     | __main__:extract_white_address_features:51 - 7------13000 /// 74345
2022-10-10 09:55:34.216 | INFO     | __main__:extract_white_address_features:51 - 6------10000 /// 74345
2022-10-10 09:56:05.325 | INFO     | __main__:extract_white_address_features:51 - 5------11000 /// 74345
2022-10-10 09:56:27.864 | INFO     | __main__:extract_white_address_features:51 - 3------14000 /// 74345
2022-10-10 09:56:28.337 | INFO     | __main__:extract_white_address_features:51 - 1------15000 /// 74345
2022-10-10 09:56:51.189 | INFO     | __main__:extract_white_address_features:51 - 4------16000 /// 74345
2022-10-10 09:56:53.402 | INFO     | __main__:extract_white_address_features:51 - 8------14000 /// 74345
2022-10-10 09:57:07.876 | INFO     | __main__:extract_white_address_features:51 - 0------16000 /// 74345
2022-10-10 09:57:21.306 | INFO     | __main__:extract_white_address_features:51 - 9------14000 /// 74345
2022-10-10 09:58:07.289 | INFO     | __main__:extract_white_address_features:51 - 7------14000 /// 74345
2022-10-10 09:58:11.159 | INFO     | __main__:extract_white_address_features:51 - 1------16000 /// 74345
2022-10-10 09:58:29.027 | INFO     | __main__:extract_white_address_features:51 - 6------11000 /// 74345
2022-10-10 09:58:32.886 | INFO     | __main__:extract_white_address_features:51 - 3------15000 /// 74345
2022-10-10 09:58:38.059 | INFO     | __main__:extract_white_address_features:51 - 8------15000 /// 74345
2022-10-10 09:58:42.726 | INFO     | __main__:extract_white_address_features:51 - 4------17000 /// 74345
2022-10-10 09:59:13.868 | INFO     | __main__:extract_white_address_features:51 - 2------15000 /// 74345
2022-10-10 09:59:19.627 | INFO     | __main__:extract_white_address_features:51 - 5------12000 /// 74345
2022-10-10 09:59:49.689 | INFO     | __main__:extract_white_address_features:51 - 7------15000 /// 74345
2022-10-10 09:59:52.853 | INFO     | __main__:extract_white_address_features:51 - 9------15000 /// 74345
2022-10-10 09:59:56.532 | INFO     | __main__:extract_white_address_features:51 - 1------17000 /// 74345
2022-10-10 10:00:13.978 | INFO     | __main__:extract_white_address_features:51 - 0------17000 /// 74345
2022-10-10 10:00:54.786 | INFO     | __main__:extract_white_address_features:51 - 8------16000 /// 74345
2022-10-10 10:00:58.380 | INFO     | __main__:extract_white_address_features:51 - 3------16000 /// 74345
2022-10-10 10:01:08.058 | INFO     | __main__:extract_white_address_features:51 - 4------18000 /// 74345
2022-10-10 10:01:16.605 | INFO     | __main__:extract_white_address_features:51 - 6------12000 /// 74345
2022-10-10 10:01:39.289 | INFO     | __main__:extract_white_address_features:51 - 5------13000 /// 74345
2022-10-10 10:01:43.940 | INFO     | __main__:extract_white_address_features:51 - 9------16000 /// 74345
2022-10-10 10:02:20.229 | INFO     | __main__:extract_white_address_features:51 - 2------16000 /// 74345
2022-10-10 10:02:24.990 | INFO     | __main__:extract_white_address_features:51 - 0------18000 /// 74345
2022-10-10 10:02:35.570 | INFO     | __main__:extract_white_address_features:51 - 1------18000 /// 74345
2022-10-10 10:02:47.538 | INFO     | __main__:extract_white_address_features:51 - 7------16000 /// 74345
2022-10-10 10:03:05.570 | INFO     | __main__:extract_white_address_features:51 - 3------17000 /// 74345
2022-10-10 10:03:16.149 | INFO     | __main__:extract_white_address_features:51 - 4------19000 /// 74345
2022-10-10 10:03:50.181 | INFO     | __main__:extract_white_address_features:51 - 2------17000 /// 74345
2022-10-10 10:03:51.313 | INFO     | __main__:extract_white_address_features:51 - 8------17000 /// 74345
2022-10-10 10:04:00.376 | INFO     | __main__:extract_white_address_features:51 - 5------14000 /// 74345
2022-10-10 10:04:22.408 | INFO     | __main__:extract_white_address_features:51 - 1------19000 /// 74345
2022-10-10 10:04:51.376 | INFO     | __main__:extract_white_address_features:51 - 6------13000 /// 74345
2022-10-10 10:05:08.976 | INFO     | __main__:extract_white_address_features:51 - 0------19000 /// 74345
2022-10-10 10:05:15.530 | INFO     | __main__:extract_white_address_features:51 - 7------17000 /// 74345
2022-10-10 10:05:42.923 | INFO     | __main__:extract_white_address_features:51 - 3------18000 /// 74345
2022-10-10 10:05:43.859 | INFO     | __main__:extract_white_address_features:51 - 2------18000 /// 74345
2022-10-10 10:06:05.190 | INFO     | __main__:extract_white_address_features:51 - 5------15000 /// 74345
2022-10-10 10:07:03.148 | INFO     | __main__:extract_white_address_features:51 - 4------20000 /// 74345
2022-10-10 10:07:11.332 | INFO     | __main__:extract_white_address_features:51 - 1------20000 /// 74345
2022-10-10 10:07:40.085 | INFO     | __main__:extract_white_address_features:51 - 6------14000 /// 74345
2022-10-10 10:07:41.721 | INFO     | __main__:extract_white_address_features:51 - 0------20000 /// 74345
2022-10-10 10:08:12.519 | INFO     | __main__:extract_white_address_features:51 - 3------19000 /// 74345
2022-10-10 10:08:14.378 | INFO     | __main__:extract_white_address_features:51 - 5------16000 /// 74345
2022-10-10 10:08:16.605 | INFO     | __main__:extract_white_address_features:51 - 2------19000 /// 74345
2022-10-10 10:08:31.360 | INFO     | __main__:extract_white_address_features:51 - 7------18000 /// 74345
2022-10-10 10:09:10.181 | INFO     | __main__:extract_white_address_features:51 - 8------18000 /// 74345
2022-10-10 10:09:25.436 | INFO     | __main__:extract_white_address_features:51 - 4------21000 /// 74345
2022-10-10 10:09:38.491 | INFO     | __main__:extract_white_address_features:51 - 9------17000 /// 74345
2022-10-10 10:09:38.571 | INFO     | __main__:extract_white_address_features:51 - 0------21000 /// 74345
2022-10-10 10:09:42.880 | INFO     | __main__:extract_white_address_features:51 - 1------21000 /// 74345
2022-10-10 10:10:07.269 | INFO     | __main__:extract_white_address_features:51 - 3------20000 /// 74345
2022-10-10 10:10:37.714 | INFO     | __main__:extract_white_address_features:51 - 6------15000 /// 74345
2022-10-10 10:10:55.174 | INFO     | __main__:extract_white_address_features:51 - 5------17000 /// 74345
2022-10-10 10:11:02.359 | INFO     | __main__:extract_white_address_features:51 - 9------18000 /// 74345
2022-10-10 10:11:12.762 | INFO     | __main__:extract_white_address_features:51 - 7------19000 /// 74345
2022-10-10 10:11:25.835 | INFO     | __main__:extract_white_address_features:51 - 4------22000 /// 74345
2022-10-10 10:11:39.065 | INFO     | __main__:extract_white_address_features:51 - 2------20000 /// 74345
2022-10-10 10:11:59.431 | INFO     | __main__:extract_white_address_features:51 - 9------19000 /// 74345
2022-10-10 10:12:16.607 | INFO     | __main__:extract_white_address_features:51 - 0------22000 /// 74345
2022-10-10 10:12:32.392 | INFO     | __main__:extract_white_address_features:51 - 3------21000 /// 74345
2022-10-10 10:12:54.608 | INFO     | __main__:extract_white_address_features:51 - 7------20000 /// 74345
2022-10-10 10:13:09.945 | INFO     | __main__:extract_white_address_features:51 - 1------22000 /// 74345
2022-10-10 10:13:31.191 | INFO     | __main__:extract_white_address_features:51 - 9------20000 /// 74345
2022-10-10 10:13:51.032 | INFO     | __main__:extract_white_address_features:51 - 6------16000 /// 74345
2022-10-10 10:13:54.460 | INFO     | __main__:extract_white_address_features:51 - 8------19000 /// 74345
2022-10-10 10:14:01.456 | INFO     | __main__:extract_white_address_features:51 - 3------22000 /// 74345
2022-10-10 10:14:03.768 | INFO     | __main__:extract_white_address_features:51 - 5------18000 /// 74345
2022-10-10 10:14:11.013 | INFO     | __main__:extract_white_address_features:51 - 4------23000 /// 74345
2022-10-10 10:14:30.002 | INFO     | __main__:extract_white_address_features:51 - 0------23000 /// 74345
2022-10-10 10:15:14.825 | INFO     | __main__:extract_white_address_features:51 - 7------21000 /// 74345
2022-10-10 10:15:16.502 | INFO     | __main__:extract_white_address_features:51 - 2------21000 /// 74345
2022-10-10 10:15:37.233 | INFO     | __main__:extract_white_address_features:51 - 1------23000 /// 74345
2022-10-10 10:15:37.486 | INFO     | __main__:extract_white_address_features:51 - 8------20000 /// 74345
2022-10-10 10:15:38.582 | INFO     | __main__:extract_white_address_features:51 - 6------17000 /// 74345
2022-10-10 10:15:52.361 | INFO     | __main__:extract_white_address_features:51 - 4------24000 /// 74345
2022-10-10 10:16:14.455 | INFO     | __main__:extract_white_address_features:51 - 5------19000 /// 74345
2022-10-10 10:16:36.947 | INFO     | __main__:extract_white_address_features:51 - 3------23000 /// 74345
2022-10-10 10:17:02.436 | INFO     | __main__:extract_white_address_features:51 - 9------21000 /// 74345
2022-10-10 10:17:16.037 | INFO     | __main__:extract_white_address_features:51 - 2------22000 /// 74345
2022-10-10 10:17:33.998 | INFO     | __main__:extract_white_address_features:51 - 7------22000 /// 74345
2022-10-10 10:17:35.250 | INFO     | __main__:extract_white_address_features:51 - 6------18000 /// 74345
2022-10-10 10:17:41.892 | INFO     | __main__:extract_white_address_features:51 - 0------24000 /// 74345
2022-10-10 10:18:27.682 | INFO     | __main__:extract_white_address_features:51 - 5------20000 /// 74345
2022-10-10 10:18:29.283 | INFO     | __main__:extract_white_address_features:51 - 4------25000 /// 74345
2022-10-10 10:18:53.443 | INFO     | __main__:extract_white_address_features:51 - 2------23000 /// 74345
2022-10-10 10:19:01.613 | INFO     | __main__:extract_white_address_features:51 - 9------22000 /// 74345
2022-10-10 10:19:11.958 | INFO     | __main__:extract_white_address_features:51 - 1------24000 /// 74345
2022-10-10 10:19:14.962 | INFO     | __main__:extract_white_address_features:51 - 0------25000 /// 74345
2022-10-10 10:19:38.892 | INFO     | __main__:extract_white_address_features:51 - 8------21000 /// 74345
2022-10-10 10:20:03.193 | INFO     | __main__:extract_white_address_features:51 - 6------19000 /// 74345
2022-10-10 10:20:16.163 | INFO     | __main__:extract_white_address_features:51 - 5------21000 /// 74345
2022-10-10 10:20:34.078 | INFO     | __main__:extract_white_address_features:51 - 4------26000 /// 74345
2022-10-10 10:21:17.922 | INFO     | __main__:extract_white_address_features:51 - 9------23000 /// 74345
2022-10-10 10:21:30.023 | INFO     | __main__:extract_white_address_features:51 - 1------25000 /// 74345
2022-10-10 10:21:37.886 | INFO     | __main__:extract_white_address_features:51 - 8------22000 /// 74345
2022-10-10 10:21:45.654 | INFO     | __main__:extract_white_address_features:51 - 0------26000 /// 74345
2022-10-10 10:21:52.656 | INFO     | __main__:extract_white_address_features:51 - 2------24000 /// 74345
2022-10-10 10:22:01.572 | INFO     | __main__:extract_white_address_features:51 - 6------20000 /// 74345
2022-10-10 10:22:28.443 | INFO     | __main__:extract_white_address_features:51 - 4------27000 /// 74345
2022-10-10 10:23:05.733 | INFO     | __main__:extract_white_address_features:51 - 3------24000 /// 74345
2022-10-10 10:23:10.347 | INFO     | __main__:extract_white_address_features:51 - 7------23000 /// 74345
2022-10-10 10:23:12.514 | INFO     | __main__:extract_white_address_features:51 - 1------26000 /// 74345
2022-10-10 10:23:52.002 | INFO     | __main__:extract_white_address_features:51 - 6------21000 /// 74345
2022-10-10 10:23:56.914 | INFO     | __main__:extract_white_address_features:51 - 8------23000 /// 74345
2022-10-10 10:23:58.864 | INFO     | __main__:extract_white_address_features:51 - 7------24000 /// 74345
2022-10-10 10:24:12.273 | INFO     | __main__:extract_white_address_features:51 - 4------28000 /// 74345
2022-10-10 10:24:43.954 | INFO     | __main__:extract_white_address_features:51 - 2------25000 /// 74345
2022-10-10 10:24:55.661 | INFO     | __main__:extract_white_address_features:51 - 7------25000 /// 74345
2022-10-10 10:25:08.536 | INFO     | __main__:extract_white_address_features:51 - 1------27000 /// 74345
2022-10-10 10:25:30.472 | INFO     | __main__:extract_white_address_features:51 - 5------22000 /// 74345
2022-10-10 10:25:33.305 | INFO     | __main__:extract_white_address_features:51 - 3------25000 /// 74345
2022-10-10 10:25:37.287 | INFO     | __main__:extract_white_address_features:51 - 0------27000 /// 74345
2022-10-10 10:25:53.556 | INFO     | __main__:extract_white_address_features:51 - 6------22000 /// 74345
2022-10-10 10:26:50.404 | INFO     | __main__:extract_white_address_features:51 - 5------23000 /// 74345
2022-10-10 10:26:53.498 | INFO     | __main__:extract_white_address_features:51 - 2------26000 /// 74345
2022-10-10 10:27:16.071 | INFO     | __main__:extract_white_address_features:51 - 3------26000 /// 74345
2022-10-10 10:27:22.247 | INFO     | __main__:extract_white_address_features:51 - 1------28000 /// 74345
2022-10-10 10:27:42.460 | INFO     | __main__:extract_white_address_features:51 - 0------28000 /// 74345
2022-10-10 10:28:03.796 | INFO     | __main__:extract_white_address_features:51 - 5------24000 /// 74345
2022-10-10 10:28:28.448 | INFO     | __main__:extract_white_address_features:51 - 6------23000 /// 74345
2022-10-10 10:29:22.918 | INFO     | __main__:extract_white_address_features:51 - 3------27000 /// 74345
2022-10-10 10:29:25.110 | INFO     | __main__:extract_white_address_features:51 - 2------27000 /// 74345
2022-10-10 10:29:32.254 | INFO     | __main__:extract_white_address_features:51 - 0------29000 /// 74345
2022-10-10 10:29:45.576 | INFO     | __main__:extract_white_address_features:51 - 4------29000 /// 74345
2022-10-10 10:30:16.976 | INFO     | __main__:extract_white_address_features:51 - 8------24000 /// 74345
2022-10-10 10:30:17.442 | INFO     | __main__:extract_white_address_features:51 - 5------25000 /// 74345
2022-10-10 10:30:31.036 | INFO     | __main__:extract_white_address_features:51 - 6------24000 /// 74345
2022-10-10 10:30:52.539 | INFO     | __main__:extract_white_address_features:51 - 3------28000 /// 74345
2022-10-10 10:31:05.777 | INFO     | __main__:extract_white_address_features:51 - 0------30000 /// 74345
2022-10-10 10:31:10.225 | INFO     | __main__:extract_white_address_features:51 - 2------28000 /// 74345
2022-10-10 10:31:12.709 | INFO     | __main__:extract_white_address_features:51 - 8------25000 /// 74345
2022-10-10 10:31:59.204 | INFO     | __main__:extract_white_address_features:51 - 5------26000 /// 74345
2022-10-10 10:32:04.884 | INFO     | __main__:extract_white_address_features:51 - 6------25000 /// 74345
2022-10-10 10:33:03.117 | INFO     | __main__:extract_white_address_features:51 - 2------29000 /// 74345
2022-10-10 10:33:20.693 | INFO     | __main__:extract_white_address_features:51 - 4------30000 /// 74345
2022-10-10 10:33:39.538 | INFO     | __main__:extract_white_address_features:51 - 5------27000 /// 74345
2022-10-10 10:33:51.442 | INFO     | __main__:extract_white_address_features:51 - 6------26000 /// 74345
2022-10-10 10:34:00.709 | INFO     | __main__:extract_white_address_features:51 - 0------31000 /// 74345
2022-10-10 10:34:18.658 | INFO     | __main__:extract_white_address_features:51 - 8------26000 /// 74345
2022-10-10 10:34:20.184 | INFO     | __main__:extract_white_address_features:51 - 4------31000 /// 74345
2022-10-10 10:34:44.696 | INFO     | __main__:extract_white_address_features:51 - 2------30000 /// 74345
2022-10-10 10:35:53.648 | INFO     | __main__:extract_white_address_features:51 - 0------32000 /// 74345
2022-10-10 10:36:17.450 | INFO     | __main__:extract_white_address_features:51 - 4------32000 /// 74345
2022-10-10 10:36:23.236 | INFO     | __main__:extract_white_address_features:51 - 2------31000 /// 74345
2022-10-10 10:36:26.427 | INFO     | __main__:extract_white_address_features:51 - 8------27000 /// 74345
2022-10-10 10:36:53.841 | INFO     | __main__:extract_white_address_features:51 - 1------29000 /// 74345
2022-10-10 10:37:54.325 | INFO     | __main__:extract_white_address_features:51 - 1------30000 /// 74345
2022-10-10 10:38:06.931 | INFO     | __main__:extract_white_address_features:51 - 0------33000 /// 74345
2022-10-10 10:38:19.820 | INFO     | __main__:extract_white_address_features:51 - 6------27000 /// 74345
2022-10-10 10:38:40.801 | INFO     | __main__:extract_white_address_features:51 - 2------32000 /// 74345
2022-10-10 10:39:09.569 | INFO     | __main__:extract_white_address_features:51 - 8------28000 /// 74345
2022-10-10 10:39:23.360 | INFO     | __main__:extract_white_address_features:51 - 3------29000 /// 74345
2022-10-10 10:39:33.101 | INFO     | __main__:extract_white_address_features:51 - 5------28000 /// 74345
2022-10-10 10:40:24.831 | INFO     | __main__:extract_white_address_features:51 - 8------29000 /// 74345
2022-10-10 10:40:27.071 | INFO     | __main__:extract_white_address_features:51 - 2------33000 /// 74345
2022-10-10 10:40:28.655 | INFO     | __main__:extract_white_address_features:51 - 0------34000 /// 74345
2022-10-10 10:40:39.592 | INFO     | __main__:extract_white_address_features:51 - 4------33000 /// 74345
2022-10-10 10:40:51.669 | INFO     | __main__:extract_white_address_features:51 - 6------28000 /// 74345
2022-10-10 10:41:03.395 | INFO     | __main__:extract_white_address_features:51 - 1------31000 /// 74345
2022-10-10 10:41:43.317 | INFO     | __main__:extract_white_address_features:51 - 5------29000 /// 74345
2022-10-10 10:41:58.512 | INFO     | __main__:extract_white_address_features:51 - 8------30000 /// 74345
2022-10-10 10:42:04.307 | INFO     | __main__:extract_white_address_features:51 - 4------34000 /// 74345
2022-10-10 10:42:32.320 | INFO     | __main__:extract_white_address_features:51 - 2------34000 /// 74345
2022-10-10 10:42:38.958 | INFO     | __main__:extract_white_address_features:51 - 1------32000 /// 74345
2022-10-10 10:42:39.494 | INFO     | __main__:extract_white_address_features:51 - 6------29000 /// 74345
2022-10-10 10:42:53.660 | INFO     | __main__:extract_white_address_features:51 - 0------35000 /// 74345
2022-10-10 10:43:38.234 | INFO     | __main__:extract_white_address_features:51 - 4------35000 /// 74345
2022-10-10 10:43:46.789 | INFO     | __main__:extract_white_address_features:51 - 5------30000 /// 74345
2022-10-10 10:44:14.787 | INFO     | __main__:extract_white_address_features:51 - 8------31000 /// 74345
2022-10-10 10:44:21.386 | INFO     | __main__:extract_white_address_features:51 - 2------35000 /// 74345
2022-10-10 10:44:41.643 | INFO     | __main__:extract_white_address_features:51 - 0------36000 /// 74345
2022-10-10 10:45:12.860 | INFO     | __main__:extract_white_address_features:51 - 6------30000 /// 74345
2022-10-10 10:45:19.564 | INFO     | __main__:extract_white_address_features:51 - 1------33000 /// 74345
2022-10-10 10:45:19.624 | INFO     | __main__:extract_white_address_features:51 - 4------36000 /// 74345
2022-10-10 10:45:27.879 | INFO     | __main__:extract_white_address_features:51 - 5------31000 /// 74345
2022-10-10 10:45:30.439 | INFO     | __main__:extract_white_address_features:51 - 7------26000 /// 74345
2022-10-10 10:46:01.635 | INFO     | __main__:extract_white_address_features:51 - 8------32000 /// 74345
2022-10-10 10:46:15.507 | INFO     | __main__:extract_white_address_features:51 - 7------27000 /// 74345
2022-10-10 10:46:35.828 | INFO     | __main__:extract_white_address_features:51 - 0------37000 /// 74345
2022-10-10 10:46:36.177 | INFO     | __main__:extract_white_address_features:51 - 2------36000 /// 74345
2022-10-10 10:47:01.704 | INFO     | __main__:extract_white_address_features:51 - 1------34000 /// 74345
2022-10-10 10:47:10.148 | INFO     | __main__:extract_white_address_features:51 - 4------37000 /// 74345
2022-10-10 10:47:10.404 | INFO     | __main__:extract_white_address_features:51 - 7------28000 /// 74345
2022-10-10 10:47:31.719 | INFO     | __main__:extract_white_address_features:51 - 5------32000 /// 74345
2022-10-10 10:48:08.663 | INFO     | __main__:extract_white_address_features:51 - 7------29000 /// 74345
2022-10-10 10:48:32.015 | INFO     | __main__:extract_white_address_features:51 - 6------31000 /// 74345
2022-10-10 10:48:35.721 | INFO     | __main__:extract_white_address_features:51 - 2------37000 /// 74345
2022-10-10 10:49:00.828 | INFO     | __main__:extract_white_address_features:51 - 7------30000 /// 74345
2022-10-10 10:49:12.635 | INFO     | __main__:extract_white_address_features:51 - 4------38000 /// 74345
2022-10-10 10:49:21.334 | INFO     | __main__:extract_white_address_features:51 - 1------35000 /// 74345
2022-10-10 10:49:29.649 | INFO     | __main__:extract_white_address_features:51 - 0------38000 /// 74345
2022-10-10 10:49:30.242 | INFO     | __main__:extract_white_address_features:51 - 8------33000 /// 74345
2022-10-10 10:50:04.805 | INFO     | __main__:extract_white_address_features:51 - 2------38000 /// 74345
2022-10-10 10:50:09.023 | INFO     | __main__:extract_white_address_features:51 - 5------33000 /// 74345
2022-10-10 10:50:36.449 | INFO     | __main__:extract_white_address_features:51 - 7------31000 /// 74345
2022-10-10 10:51:22.384 | INFO     | __main__:extract_white_address_features:51 - 1------36000 /// 74345
2022-10-10 10:51:37.412 | INFO     | __main__:extract_white_address_features:51 - 4------39000 /// 74345
2022-10-10 10:51:58.433 | INFO     | __main__:extract_white_address_features:51 - 2------39000 /// 74345
2022-10-10 10:52:03.897 | INFO     | __main__:extract_white_address_features:51 - 8------34000 /// 74345
2022-10-10 10:52:15.463 | INFO     | __main__:extract_white_address_features:51 - 5------34000 /// 74345
2022-10-10 10:52:23.900 | INFO     | __main__:extract_white_address_features:51 - 3------30000 /// 74345
2022-10-10 10:52:43.280 | INFO     | __main__:extract_white_address_features:51 - 0------39000 /// 74345
2022-10-10 10:52:50.471 | INFO     | __main__:extract_white_address_features:51 - 7------32000 /// 74345
2022-10-10 10:53:28.805 | INFO     | __main__:extract_white_address_features:51 - 1------37000 /// 74345
2022-10-10 10:53:48.170 | INFO     | __main__:extract_white_address_features:51 - 0------40000 /// 74345
2022-10-10 10:53:55.382 | INFO     | __main__:extract_white_address_features:51 - 3------31000 /// 74345
2022-10-10 10:54:12.386 | INFO     | __main__:extract_white_address_features:51 - 8------35000 /// 74345
2022-10-10 10:54:31.108 | INFO     | __main__:extract_white_address_features:51 - 4------40000 /// 74345
2022-10-10 10:54:38.048 | INFO     | __main__:extract_white_address_features:51 - 2------40000 /// 74345
2022-10-10 10:55:29.736 | INFO     | __main__:extract_white_address_features:51 - 7------33000 /// 74345
2022-10-10 10:55:31.575 | INFO     | __main__:extract_white_address_features:51 - 3------32000 /// 74345
2022-10-10 10:55:53.319 | INFO     | __main__:extract_white_address_features:51 - 8------36000 /// 74345
2022-10-10 10:56:10.112 | INFO     | __main__:extract_white_address_features:51 - 0------41000 /// 74345
2022-10-10 10:56:44.563 | INFO     | __main__:extract_white_address_features:51 - 1------38000 /// 74345
2022-10-10 10:56:46.236 | INFO     | __main__:extract_white_address_features:51 - 2------41000 /// 74345
2022-10-10 10:57:20.916 | INFO     | __main__:extract_white_address_features:51 - 8------37000 /// 74345
2022-10-10 10:57:51.453 | INFO     | __main__:extract_white_address_features:51 - 4------41000 /// 74345
2022-10-10 10:58:05.355 | INFO     | __main__:extract_white_address_features:51 - 1------39000 /// 74345
2022-10-10 10:58:21.894 | INFO     | __main__:extract_white_address_features:51 - 0------42000 /// 74345
2022-10-10 10:58:28.979 | INFO     | __main__:extract_white_address_features:51 - 5------35000 /// 74345
2022-10-10 10:59:16.063 | INFO     | __main__:extract_white_address_features:51 - 5------36000 /// 74345
2022-10-10 10:59:39.255 | INFO     | __main__:extract_white_address_features:51 - 4------42000 /// 74345
2022-10-10 10:59:40.633 | INFO     | __main__:extract_white_address_features:51 - 3------33000 /// 74345
2022-10-10 10:59:55.157 | INFO     | __main__:extract_white_address_features:51 - 0------43000 /// 74345
2022-10-10 11:00:11.870 | INFO     | __main__:extract_white_address_features:51 - 2------42000 /// 74345
2022-10-10 11:00:35.922 | INFO     | __main__:extract_white_address_features:51 - 5------37000 /// 74345
2022-10-10 11:01:12.965 | INFO     | __main__:extract_white_address_features:51 - 3------34000 /// 74345
2022-10-10 11:01:15.491 | INFO     | __main__:extract_white_address_features:51 - 4------43000 /// 74345
2022-10-10 11:01:18.939 | INFO     | __main__:extract_white_address_features:51 - 0------44000 /// 74345
2022-10-10 11:02:11.741 | INFO     | __main__:extract_white_address_features:51 - 2------43000 /// 74345
2022-10-10 11:02:39.176 | INFO     | __main__:extract_white_address_features:51 - 5------38000 /// 74345
2022-10-10 11:03:09.127 | INFO     | __main__:extract_white_address_features:51 - 0------45000 /// 74345
2022-10-10 11:03:21.562 | INFO     | __main__:extract_white_address_features:51 - 4------44000 /// 74345
2022-10-10 11:03:33.520 | INFO     | __main__:extract_white_address_features:51 - 8------38000 /// 74345
2022-10-10 11:03:48.495 | INFO     | __main__:extract_white_address_features:51 - 1------40000 /// 74345
2022-10-10 11:03:59.404 | INFO     | __main__:extract_white_address_features:51 - 2------44000 /// 74345
2022-10-10 11:04:02.263 | INFO     | __main__:extract_white_address_features:51 - 3------35000 /// 74345
2022-10-10 11:04:44.744 | INFO     | __main__:extract_white_address_features:51 - 7------34000 /// 74345
2022-10-10 11:04:47.217 | INFO     | __main__:extract_white_address_features:51 - 5------39000 /// 74345
2022-10-10 11:05:07.910 | INFO     | __main__:extract_white_address_features:51 - 0------46000 /// 74345
2022-10-10 11:05:43.029 | INFO     | __main__:extract_white_address_features:51 - 1------41000 /// 74345
2022-10-10 11:05:52.527 | INFO     | __main__:extract_white_address_features:51 - 7------35000 /// 74345
2022-10-10 11:06:38.728 | INFO     | __main__:extract_white_address_features:51 - 2------45000 /// 74345
2022-10-10 11:06:47.161 | INFO     | __main__:extract_white_address_features:51 - 3------36000 /// 74345
2022-10-10 11:07:11.137 | INFO     | __main__:extract_white_address_features:51 - 1------42000 /// 74345
2022-10-10 11:07:13.064 | INFO     | __main__:extract_white_address_features:51 - 0------47000 /// 74345
2022-10-10 11:07:22.578 | INFO     | __main__:extract_white_address_features:51 - 8------39000 /// 74345
2022-10-10 11:08:13.334 | INFO     | __main__:extract_white_address_features:51 - 5------40000 /// 74345
2022-10-10 11:08:36.137 | INFO     | __main__:extract_white_address_features:51 - 3------37000 /// 74345
2022-10-10 11:08:56.375 | INFO     | __main__:extract_white_address_features:51 - 8------40000 /// 74345
2022-10-10 11:09:15.931 | INFO     | __main__:extract_white_address_features:51 - 1------43000 /// 74345
2022-10-10 11:09:19.447 | INFO     | __main__:extract_white_address_features:51 - 2------46000 /// 74345
2022-10-10 11:10:08.047 | INFO     | __main__:extract_white_address_features:51 - 7------36000 /// 74345
2022-10-10 11:10:23.349 | INFO     | __main__:extract_white_address_features:51 - 5------41000 /// 74345
2022-10-10 11:10:41.412 | INFO     | __main__:extract_white_address_features:51 - 0------48000 /// 74345
2022-10-10 11:11:19.512 | INFO     | __main__:extract_white_address_features:51 - 8------41000 /// 74345
2022-10-10 11:11:23.292 | INFO     | __main__:extract_white_address_features:51 - 2------47000 /// 74345
2022-10-10 11:11:29.036 | INFO     | __main__:extract_white_address_features:51 - 1------44000 /// 74345
2022-10-10 11:12:06.162 | INFO     | __main__:extract_white_address_features:51 - 5------42000 /// 74345
2022-10-10 11:12:06.653 | INFO     | __main__:extract_white_address_features:51 - 7------37000 /// 74345
2022-10-10 11:12:23.326 | INFO     | __main__:extract_white_address_features:51 - 0------49000 /// 74345
2022-10-10 11:13:26.452 | INFO     | __main__:extract_white_address_features:51 - 2------48000 /// 74345
2022-10-10 11:13:57.411 | INFO     | __main__:extract_white_address_features:51 - 1------45000 /// 74345
2022-10-10 11:14:01.800 | INFO     | __main__:extract_white_address_features:51 - 8------42000 /// 74345
2022-10-10 11:14:37.061 | INFO     | __main__:extract_white_address_features:51 - 7------38000 /// 74345
2022-10-10 11:14:39.468 | INFO     | __main__:extract_white_address_features:51 - 0------50000 /// 74345
2022-10-10 11:14:39.916 | INFO     | __main__:extract_white_address_features:51 - 5------43000 /// 74345
2022-10-10 11:15:35.264 | INFO     | __main__:extract_white_address_features:51 - 3------38000 /// 74345
2022-10-10 11:15:50.211 | INFO     | __main__:extract_white_address_features:51 - 4------45000 /// 74345
2022-10-10 11:16:19.975 | INFO     | __main__:extract_white_address_features:51 - 2------49000 /// 74345
2022-10-10 11:16:38.360 | INFO     | __main__:extract_white_address_features:51 - 1------46000 /// 74345
2022-10-10 11:16:53.707 | INFO     | __main__:extract_white_address_features:51 - 0------51000 /// 74345
2022-10-10 11:17:07.227 | INFO     | __main__:extract_white_address_features:51 - 7------39000 /// 74345
2022-10-10 11:17:19.288 | INFO     | __main__:extract_white_address_features:51 - 4------46000 /// 74345
2022-10-10 11:17:27.544 | INFO     | __main__:extract_white_address_features:51 - 5------44000 /// 74345
2022-10-10 11:18:07.503 | INFO     | __main__:extract_white_address_features:51 - 2------50000 /// 74345
2022-10-10 11:18:11.391 | INFO     | __main__:extract_white_address_features:51 - 3------39000 /// 74345
2022-10-10 11:19:12.227 | INFO     | __main__:extract_white_address_features:51 - 7------40000 /// 74345
2022-10-10 11:19:15.893 | INFO     | __main__:extract_white_address_features:51 - 4------47000 /// 74345
2022-10-10 11:19:16.053 | INFO     | __main__:extract_white_address_features:51 - 1------47000 /// 74345
2022-10-10 11:19:33.413 | INFO     | __main__:extract_white_address_features:51 - 5------45000 /// 74345
2022-10-10 11:20:05.063 | INFO     | __main__:extract_white_address_features:51 - 6------32000 /// 74345
2022-10-10 11:20:05.183 | INFO     | __main__:extract_white_address_features:51 - 0------52000 /// 74345
2022-10-10 11:20:07.097 | INFO     | __main__:extract_white_address_features:51 - 3------40000 /// 74345
2022-10-10 11:20:55.538 | INFO     | __main__:extract_white_address_features:51 - 6------33000 /// 74345
2022-10-10 11:20:57.323 | INFO     | __main__:extract_white_address_features:51 - 8------43000 /// 74345
2022-10-10 11:21:17.218 | INFO     | __main__:extract_white_address_features:51 - 4------48000 /// 74345
2022-10-10 11:21:18.496 | INFO     | __main__:extract_white_address_features:51 - 1------48000 /// 74345
2022-10-10 11:21:32.477 | INFO     | __main__:extract_white_address_features:51 - 8------44000 /// 74345
2022-10-10 11:21:43.372 | INFO     | __main__:extract_white_address_features:51 - 0------53000 /// 74345
2022-10-10 11:21:58.391 | INFO     | __main__:extract_white_address_features:51 - 6------34000 /// 74345
2022-10-10 11:22:10.759 | INFO     | __main__:extract_white_address_features:51 - 5------46000 /// 74345
2022-10-10 11:22:11.055 | INFO     | __main__:extract_white_address_features:51 - 7------41000 /// 74345
2022-10-10 11:22:41.737 | INFO     | __main__:extract_white_address_features:51 - 8------45000 /// 74345
2022-10-10 11:23:15.240 | INFO     | __main__:extract_white_address_features:51 - 4------49000 /// 74345
2022-10-10 11:23:38.324 | INFO     | __main__:extract_white_address_features:51 - 0------54000 /// 74345
2022-10-10 11:23:42.331 | INFO     | __main__:extract_white_address_features:51 - 1------49000 /// 74345
2022-10-10 11:24:20.247 | INFO     | __main__:extract_white_address_features:51 - 6------35000 /// 74345
2022-10-10 11:25:12.334 | INFO     | __main__:extract_white_address_features:51 - 5------47000 /// 74345
2022-10-10 11:25:37.991 | INFO     | __main__:extract_white_address_features:51 - 1------50000 /// 74345
2022-10-10 11:25:38.367 | INFO     | __main__:extract_white_address_features:51 - 0------55000 /// 74345
2022-10-10 11:25:43.255 | INFO     | __main__:extract_white_address_features:51 - 4------50000 /// 74345
2022-10-10 11:26:10.447 | INFO     | __main__:extract_white_address_features:51 - 3------41000 /// 74345
2022-10-10 11:26:37.946 | INFO     | __main__:extract_white_address_features:51 - 6------36000 /// 74345
2022-10-10 11:27:00.191 | INFO     | __main__:extract_white_address_features:51 - 8------46000 /// 74345
2022-10-10 11:27:06.486 | INFO     | __main__:extract_white_address_features:51 - 0------56000 /// 74345
2022-10-10 11:27:12.603 | INFO     | __main__:extract_white_address_features:51 - 1------51000 /// 74345
2022-10-10 11:27:35.380 | INFO     | __main__:extract_white_address_features:51 - 4------51000 /// 74345
2022-10-10 11:28:13.794 | INFO     | __main__:extract_white_address_features:51 - 8------47000 /// 74345
2022-10-10 11:28:29.733 | INFO     | __main__:extract_white_address_features:51 - 1------52000 /// 74345
2022-10-10 11:28:33.814 | INFO     | __main__:extract_white_address_features:51 - 6------37000 /// 74345
2022-10-10 11:28:36.999 | INFO     | __main__:extract_white_address_features:51 - 0------57000 /// 74345
2022-10-10 11:28:46.924 | INFO     | __main__:extract_white_address_features:51 - 3------42000 /// 74345
2022-10-10 11:28:56.662 | INFO     | __main__:extract_white_address_features:51 - 7------42000 /// 74345
2022-10-10 11:29:36.573 | INFO     | __main__:extract_white_address_features:51 - 4------52000 /// 74345
2022-10-10 11:30:00.536 | INFO     | __main__:extract_white_address_features:51 - 7------43000 /// 74345
2022-10-10 11:30:09.839 | INFO     | __main__:extract_white_address_features:51 - 8------48000 /// 74345
2022-10-10 11:30:14.249 | INFO     | __main__:extract_white_address_features:51 - 5------48000 /// 74345
2022-10-10 11:30:16.921 | INFO     | __main__:extract_white_address_features:51 - 6------38000 /// 74345
2022-10-10 11:30:41.673 | INFO     | __main__:extract_white_address_features:51 - 1------53000 /// 74345
2022-10-10 11:31:06.356 | INFO     | __main__:extract_white_address_features:51 - 3------43000 /// 74345
2022-10-10 11:31:21.777 | INFO     | __main__:extract_white_address_features:51 - 0------58000 /// 74345
2022-10-10 11:32:00.974 | INFO     | __main__:extract_white_address_features:51 - 4------53000 /// 74345
2022-10-10 11:32:04.188 | INFO     | __main__:extract_white_address_features:51 - 8------49000 /// 74345
2022-10-10 11:32:27.696 | INFO     | __main__:extract_white_address_features:51 - 1------54000 /// 74345
2022-10-10 11:32:55.573 | INFO     | __main__:extract_white_address_features:51 - 6------39000 /// 74345
2022-10-10 11:33:11.088 | INFO     | __main__:extract_white_address_features:51 - 0------59000 /// 74345
2022-10-10 11:33:32.533 | INFO     | __main__:extract_white_address_features:51 - 8------50000 /// 74345
2022-10-10 11:33:40.961 | INFO     | __main__:extract_white_address_features:51 - 3------44000 /// 74345
2022-10-10 11:34:00.416 | INFO     | __main__:extract_white_address_features:51 - 1------55000 /// 74345
2022-10-10 11:34:13.173 | INFO     | __main__:extract_white_address_features:51 - 4------54000 /// 74345
2022-10-10 11:34:45.713 | INFO     | __main__:extract_white_address_features:51 - 6------40000 /// 74345
2022-10-10 11:35:15.258 | INFO     | __main__:extract_white_address_features:51 - 0------60000 /// 74345
2022-10-10 11:35:25.701 | INFO     | __main__:extract_white_address_features:51 - 3------45000 /// 74345
2022-10-10 11:35:34.721 | INFO     | __main__:extract_white_address_features:51 - 8------51000 /// 74345
2022-10-10 11:35:47.108 | INFO     | __main__:extract_white_address_features:51 - 1------56000 /// 74345
2022-10-10 11:36:12.110 | INFO     | __main__:extract_white_address_features:51 - 6------41000 /// 74345
2022-10-10 11:36:35.138 | INFO     | __main__:extract_white_address_features:51 - 7------44000 /// 74345
2022-10-10 11:36:56.954 | INFO     | __main__:extract_white_address_features:51 - 4------55000 /// 74345
2022-10-10 11:37:22.559 | INFO     | __main__:extract_white_address_features:51 - 5------49000 /// 74345
2022-10-10 11:37:32.482 | INFO     | __main__:extract_white_address_features:51 - 0------61000 /// 74345
2022-10-10 11:37:35.630 | INFO     | __main__:extract_white_address_features:51 - 1------57000 /// 74345
2022-10-10 11:37:53.781 | INFO     | __main__:extract_white_address_features:51 - 8------52000 /// 74345
2022-10-10 11:38:10.259 | INFO     | __main__:extract_white_address_features:51 - 2------51000 /// 74345
2022-10-10 11:38:26.936 | INFO     | __main__:extract_white_address_features:51 - 7------45000 /// 74345
2022-10-10 11:38:59.784 | INFO     | __main__:extract_white_address_features:51 - 2------52000 /// 74345
2022-10-10 11:39:00.338 | INFO     | __main__:extract_white_address_features:51 - 6------42000 /// 74345
2022-10-10 11:39:21.213 | INFO     | __main__:extract_white_address_features:51 - 5------50000 /// 74345
2022-10-10 11:39:42.522 | INFO     | __main__:extract_white_address_features:51 - 4------56000 /// 74345
2022-10-10 11:39:44.002 | INFO     | __main__:extract_white_address_features:51 - 0------62000 /// 74345
2022-10-10 11:39:46.129 | INFO     | __main__:extract_white_address_features:51 - 1------58000 /// 74345
2022-10-10 11:39:51.520 | INFO     | __main__:extract_white_address_features:51 - 8------53000 /// 74345
2022-10-10 11:39:56.789 | INFO     | __main__:extract_white_address_features:51 - 2------53000 /// 74345
2022-10-10 11:40:39.381 | INFO     | __main__:extract_white_address_features:51 - 2------54000 /// 74345
2022-10-10 11:41:11.935 | INFO     | __main__:extract_white_address_features:51 - 5------51000 /// 74345
2022-10-10 11:41:16.882 | INFO     | __main__:extract_white_address_features:51 - 6------43000 /// 74345
2022-10-10 11:41:26.247 | INFO     | __main__:extract_white_address_features:51 - 7------46000 /// 74345
2022-10-10 11:41:37.066 | INFO     | __main__:extract_white_address_features:51 - 4------57000 /// 74345
2022-10-10 11:42:01.507 | INFO     | __main__:extract_white_address_features:51 - 2------55000 /// 74345
2022-10-10 11:42:23.160 | INFO     | __main__:extract_white_address_features:51 - 0------63000 /// 74345
2022-10-10 11:42:31.081 | INFO     | __main__:extract_white_address_features:51 - 8------54000 /// 74345
2022-10-10 11:42:57.343 | INFO     | __main__:extract_white_address_features:51 - 5------52000 /// 74345
2022-10-10 11:43:07.009 | INFO     | __main__:extract_white_address_features:51 - 2------56000 /// 74345
2022-10-10 11:43:26.252 | INFO     | __main__:extract_white_address_features:51 - 4------58000 /// 74345
2022-10-10 11:43:32.642 | INFO     | __main__:extract_white_address_features:51 - 7------47000 /// 74345
2022-10-10 11:44:10.431 | INFO     | __main__:extract_white_address_features:51 - 0------64000 /// 74345
2022-10-10 11:45:11.969 | INFO     | __main__:extract_white_address_features:51 - 5------53000 /// 74345
2022-10-10 11:45:14.607 | INFO     | __main__:extract_white_address_features:51 - 7------48000 /// 74345
2022-10-10 11:46:13.684 | INFO     | __main__:extract_white_address_features:51 - 2------57000 /// 74345
2022-10-10 11:46:36.468 | INFO     | __main__:extract_white_address_features:51 - 4------59000 /// 74345
2022-10-10 11:46:54.131 | INFO     | __main__:extract_white_address_features:51 - 7------49000 /// 74345
2022-10-10 11:47:21.902 | INFO     | __main__:extract_white_address_features:51 - 5------54000 /// 74345
2022-10-10 11:47:58.231 | INFO     | __main__:extract_white_address_features:51 - 2------58000 /// 74345
2022-10-10 11:48:36.933 | INFO     | __main__:extract_white_address_features:51 - 1------59000 /// 74345
2022-10-10 11:48:39.845 | INFO     | __main__:extract_white_address_features:51 - 4------60000 /// 74345
2022-10-10 11:48:57.492 | INFO     | __main__:extract_white_address_features:51 - 8------55000 /// 74345
2022-10-10 11:48:59.084 | INFO     | __main__:extract_white_address_features:51 - 7------50000 /// 74345
2022-10-10 11:49:37.751 | INFO     | __main__:extract_white_address_features:51 - 1------60000 /// 74345
2022-10-10 11:49:55.531 | INFO     | __main__:extract_white_address_features:51 - 2------59000 /// 74345
2022-10-10 11:49:57.725 | INFO     | __main__:extract_white_address_features:51 - 8------56000 /// 74345
2022-10-10 11:50:14.543 | INFO     | __main__:extract_white_address_features:51 - 5------55000 /// 74345
2022-10-10 11:50:26.082 | INFO     | __main__:extract_white_address_features:51 - 1------61000 /// 74345
2022-10-10 11:51:31.216 | INFO     | __main__:extract_white_address_features:51 - 6------44000 /// 74345
2022-10-10 11:51:32.744 | INFO     | __main__:extract_white_address_features:51 - 4------61000 /// 74345
2022-10-10 11:51:46.791 | INFO     | __main__:extract_white_address_features:51 - 7------51000 /// 74345
2022-10-10 11:52:01.996 | INFO     | __main__:extract_white_address_features:51 - 2------60000 /// 74345
2022-10-10 11:52:13.543 | INFO     | __main__:extract_white_address_features:51 - 5------56000 /// 74345
2022-10-10 11:52:53.130 | INFO     | __main__:extract_white_address_features:51 - 6------45000 /// 74345
2022-10-10 11:53:37.308 | INFO     | __main__:extract_white_address_features:51 - 2------61000 /// 74345
2022-10-10 11:53:46.817 | INFO     | __main__:extract_white_address_features:51 - 7------52000 /// 74345
2022-10-10 11:53:51.799 | INFO     | __main__:extract_white_address_features:51 - 5------57000 /// 74345
2022-10-10 11:54:15.635 | INFO     | __main__:extract_white_address_features:51 - 4------62000 /// 74345
2022-10-10 11:54:18.177 | INFO     | __main__:extract_white_address_features:51 - 3------46000 /// 74345
2022-10-10 11:54:43.268 | INFO     | __main__:extract_white_address_features:51 - 1------62000 /// 74345
2022-10-10 11:55:32.712 | INFO     | __main__:extract_white_address_features:51 - 7------53000 /// 74345
2022-10-10 11:55:53.419 | INFO     | __main__:extract_white_address_features:51 - 8------57000 /// 74345
2022-10-10 11:55:57.722 | INFO     | __main__:extract_white_address_features:51 - 3------47000 /// 74345
2022-10-10 11:56:06.442 | INFO     | __main__:extract_white_address_features:51 - 1------63000 /// 74345
2022-10-10 11:56:11.009 | INFO     | __main__:extract_white_address_features:51 - 2------62000 /// 74345
2022-10-10 11:56:42.136 | INFO     | __main__:extract_white_address_features:51 - 5------58000 /// 74345
2022-10-10 11:56:53.187 | INFO     | __main__:extract_white_address_features:51 - 8------58000 /// 74345
2022-10-10 11:57:10.803 | INFO     | __main__:extract_white_address_features:51 - 4------63000 /// 74345
2022-10-10 11:57:39.880 | INFO     | __main__:extract_white_address_features:51 - 7------54000 /// 74345
2022-10-10 11:57:56.080 | INFO     | __main__:extract_white_address_features:51 - 2------63000 /// 74345
2022-10-10 11:58:00.772 | INFO     | __main__:extract_white_address_features:51 - 8------59000 /// 74345
2022-10-10 11:58:02.374 | INFO     | __main__:extract_white_address_features:51 - 3------48000 /// 74345
2022-10-10 11:58:27.671 | INFO     | __main__:extract_white_address_features:51 - 1------64000 /// 74345
2022-10-10 11:59:25.902 | INFO     | __main__:extract_white_address_features:51 - 4------64000 /// 74345
2022-10-10 12:00:01.740 | INFO     | __main__:extract_white_address_features:51 - 6------46000 /// 74345
2022-10-10 12:00:03.783 | INFO     | __main__:extract_white_address_features:51 - 3------49000 /// 74345
2022-10-10 12:00:19.432 | INFO     | __main__:extract_white_address_features:51 - 2------64000 /// 74345
2022-10-10 12:00:32.884 | INFO     | __main__:extract_white_address_features:51 - 7------55000 /// 74345
2022-10-10 12:01:02.457 | INFO     | __main__:extract_white_address_features:51 - 5------59000 /// 74345
2022-10-10 12:01:09.265 | INFO     | __main__:extract_white_address_features:51 - 1------65000 /// 74345
2022-10-10 12:01:19.553 | INFO     | __main__:extract_white_address_features:51 - 4------65000 /// 74345
2022-10-10 12:01:30.751 | INFO     | __main__:extract_white_address_features:51 - 8------60000 /// 74345
2022-10-10 12:01:39.033 | INFO     | __main__:extract_white_address_features:51 - 6------47000 /// 74345
2022-10-10 12:02:13.006 | INFO     | __main__:extract_white_address_features:51 - 7------56000 /// 74345
2022-10-10 12:02:21.802 | INFO     | __main__:extract_white_address_features:51 - 3------50000 /// 74345
2022-10-10 12:02:32.055 | INFO     | __main__:extract_white_address_features:51 - 2------65000 /// 74345
2022-10-10 12:02:48.040 | INFO     | __main__:extract_white_address_features:51 - 1------66000 /// 74345
2022-10-10 12:02:58.025 | INFO     | __main__:extract_white_address_features:51 - 8------61000 /// 74345
2022-10-10 12:03:15.898 | INFO     | __main__:extract_white_address_features:51 - 5------60000 /// 74345
2022-10-10 12:03:24.349 | INFO     | __main__:extract_white_address_features:51 - 0------65000 /// 74345
2022-10-10 12:03:26.954 | INFO     | __main__:extract_white_address_features:51 - 6------48000 /// 74345
2022-10-10 12:03:39.354 | INFO     | __main__:extract_white_address_features:51 - 4------66000 /// 74345
2022-10-10 12:04:17.115 | INFO     | __main__:extract_white_address_features:51 - 0------66000 /// 74345
2022-10-10 12:04:40.085 | INFO     | __main__:extract_white_address_features:51 - 1------67000 /// 74345
2022-10-10 12:04:45.272 | INFO     | __main__:extract_white_address_features:51 - 7------57000 /// 74345
2022-10-10 12:04:45.279 | INFO     | __main__:extract_white_address_features:51 - 3------51000 /// 74345
2022-10-10 12:05:02.464 | INFO     | __main__:extract_white_address_features:51 - 8------62000 /// 74345
2022-10-10 12:05:09.757 | INFO     | __main__:extract_white_address_features:51 - 4------67000 /// 74345
2022-10-10 12:05:10.406 | INFO     | __main__:extract_white_address_features:51 - 5------61000 /// 74345
2022-10-10 12:05:32.155 | INFO     | __main__:extract_white_address_features:51 - 2------66000 /// 74345
2022-10-10 12:05:39.793 | INFO     | __main__:extract_white_address_features:51 - 0------67000 /// 74345
2022-10-10 12:05:44.329 | INFO     | __main__:extract_white_address_features:51 - 6------49000 /// 74345
2022-10-10 12:06:37.861 | INFO     | __main__:extract_white_address_features:51 - 1------68000 /// 74345
2022-10-10 12:06:42.337 | INFO     | __main__:extract_white_address_features:51 - 4------68000 /// 74345
2022-10-10 12:06:49.740 | INFO     | __main__:extract_white_address_features:51 - 7------58000 /// 74345
2022-10-10 12:07:05.974 | INFO     | __main__:extract_white_address_features:51 - 8------63000 /// 74345
2022-10-10 12:07:49.447 | INFO     | __main__:extract_white_address_features:51 - 6------50000 /// 74345
2022-10-10 12:08:13.101 | INFO     | __main__:extract_white_address_features:51 - 4------69000 /// 74345
2022-10-10 12:08:50.183 | INFO     | __main__:extract_white_address_features:51 - 7------59000 /// 74345
2022-10-10 12:08:53.936 | INFO     | __main__:extract_white_address_features:51 - 8------64000 /// 74345
2022-10-10 12:09:05.972 | INFO     | __main__:extract_white_address_features:51 - 3------52000 /// 74345
2022-10-10 12:09:06.740 | INFO     | __main__:extract_white_address_features:51 - 1------69000 /// 74345
2022-10-10 12:10:02.457 | INFO     | __main__:extract_white_address_features:51 - 2------67000 /// 74345
2022-10-10 12:10:06.302 | INFO     | __main__:extract_white_address_features:51 - 0------68000 /// 74345
2022-10-10 12:10:18.909 | INFO     | __main__:extract_white_address_features:51 - 7------60000 /// 74345
2022-10-10 12:10:40.352 | INFO     | __main__:extract_white_address_features:51 - 6------51000 /// 74345
2022-10-10 12:10:42.485 | INFO     | __main__:extract_white_address_features:51 - 8------65000 /// 74345
2022-10-10 12:10:48.865 | INFO     | __main__:extract_white_address_features:51 - 1------70000 /// 74345
2022-10-10 12:10:51.241 | INFO     | __main__:extract_white_address_features:51 - 0------69000 /// 74345
2022-10-10 12:12:01.469 | INFO     | __main__:extract_white_address_features:51 - 7------61000 /// 74345
2022-10-10 12:12:05.534 | INFO     | __main__:extract_white_address_features:51 - 0------70000 /// 74345
2022-10-10 12:12:32.710 | INFO     | __main__:extract_white_address_features:51 - 4------70000 /// 74345
2022-10-10 12:12:49.614 | INFO     | __main__:extract_white_address_features:51 - 2------68000 /// 74345
2022-10-10 12:13:10.862 | INFO     | __main__:extract_white_address_features:51 - 6------52000 /// 74345
2022-10-10 12:13:12.023 | INFO     | __main__:extract_white_address_features:51 - 1------71000 /// 74345
2022-10-10 12:14:12.337 | INFO     | __main__:extract_white_address_features:51 - 2------69000 /// 74345
2022-10-10 12:14:12.891 | INFO     | __main__:extract_white_address_features:51 - 8------66000 /// 74345
2022-10-10 12:14:21.119 | INFO     | __main__:extract_white_address_features:51 - 7------62000 /// 74345
2022-10-10 12:14:41.606 | INFO     | __main__:extract_white_address_features:51 - 1------72000 /// 74345
2022-10-10 12:14:42.226 | INFO     | __main__:extract_white_address_features:51 - 0------71000 /// 74345
2022-10-10 12:14:49.760 | INFO     | __main__:extract_white_address_features:51 - 3------53000 /// 74345
2022-10-10 12:14:56.681 | INFO     | __main__:extract_white_address_features:51 - 6------53000 /// 74345
2022-10-10 12:15:43.970 | INFO     | __main__:extract_white_address_features:51 - 4------71000 /// 74345
2022-10-10 12:15:59.543 | INFO     | __main__:extract_white_address_features:51 - 8------67000 /// 74345
2022-10-10 12:16:07.396 | INFO     | __main__:extract_white_address_features:51 - 7------63000 /// 74345
2022-10-10 12:16:16.118 | INFO     | __main__:extract_white_address_features:51 - 2------70000 /// 74345
2022-10-10 12:16:18.462 | INFO     | __main__:extract_white_address_features:51 - 3------54000 /// 74345
2022-10-10 12:16:26.884 | INFO     | __main__:extract_white_address_features:51 - 1------73000 /// 74345
2022-10-10 12:17:23.371 | INFO     | __main__:extract_white_address_features:51 - 0------72000 /// 74345
2022-10-10 12:18:05.314 | INFO     | __main__:extract_white_address_features:51 - 6------54000 /// 74345
2022-10-10 12:18:14.974 | INFO     | __main__:extract_white_address_features:51 - 4------72000 /// 74345
2022-10-10 12:18:22.950 | INFO     | __main__:extract_white_address_features:51 - 2------71000 /// 74345
2022-10-10 12:18:30.566 | INFO     | __main__:extract_white_address_features:51 - 7------64000 /// 74345
2022-10-10 12:18:49.078 | INFO     | __main__:extract_white_address_features:51 - 1------74000 /// 74345
2022-10-10 12:19:23.493 | INFO     | __main__:extract_white_address_features:51 - 5------62000 /// 74345
2022-10-10 12:19:37.771 | INFO     | __main__:extract_white_address_features:162 - 1       finish
2022-10-10 12:19:38.802 | INFO     | __main__:extract_white_address_features:51 - 8------68000 /// 74345
2022-10-10 12:19:48.989 | INFO     | __main__:extract_white_address_features:51 - 6------55000 /// 74345
2022-10-10 12:20:19.975 | INFO     | __main__:extract_white_address_features:51 - 2------72000 /// 74345
2022-10-10 12:20:45.058 | INFO     | __main__:extract_white_address_features:51 - 0------73000 /// 74345
2022-10-10 12:20:53.320 | INFO     | __main__:extract_white_address_features:51 - 7------65000 /// 74345
2022-10-10 12:21:08.776 | INFO     | __main__:extract_white_address_features:51 - 5------63000 /// 74345
2022-10-10 12:21:18.888 | INFO     | __main__:extract_white_address_features:51 - 6------56000 /// 74345
2022-10-10 12:21:29.017 | INFO     | __main__:extract_white_address_features:51 - 8------69000 /// 74345
2022-10-10 12:22:08.732 | INFO     | __main__:extract_white_address_features:51 - 0------74000 /// 74345
2022-10-10 12:22:13.974 | INFO     | __main__:extract_white_address_features:51 - 7------66000 /// 74345
2022-10-10 12:22:41.881 | INFO     | __main__:extract_white_address_features:162 - 0       finish
2022-10-10 12:23:43.140 | INFO     | __main__:extract_white_address_features:51 - 8------70000 /// 74345
2022-10-10 12:23:44.747 | INFO     | __main__:extract_white_address_features:51 - 5------64000 /// 74345
2022-10-10 12:24:16.237 | INFO     | __main__:extract_white_address_features:51 - 3------55000 /// 74345
2022-10-10 12:24:37.234 | INFO     | __main__:extract_white_address_features:51 - 7------67000 /// 74345
2022-10-10 12:25:55.533 | INFO     | __main__:extract_white_address_features:51 - 5------65000 /// 74345
2022-10-10 12:25:58.760 | INFO     | __main__:extract_white_address_features:51 - 8------71000 /// 74345
2022-10-10 12:27:11.639 | INFO     | __main__:extract_white_address_features:51 - 3------56000 /// 74345
2022-10-10 12:27:41.080 | INFO     | __main__:extract_white_address_features:51 - 4------73000 /// 74345
2022-10-10 12:28:07.239 | INFO     | __main__:extract_white_address_features:51 - 8------72000 /// 74345
2022-10-10 12:28:46.203 | INFO     | __main__:extract_white_address_features:51 - 7------68000 /// 74345
2022-10-10 12:28:54.271 | INFO     | __main__:extract_white_address_features:51 - 4------74000 /// 74345
2022-10-10 12:29:03.045 | INFO     | __main__:extract_white_address_features:51 - 3------57000 /// 74345
2022-10-10 12:29:10.727 | INFO     | __main__:extract_white_address_features:162 - 4       finish
2022-10-10 12:29:17.865 | INFO     | __main__:extract_white_address_features:51 - 8------73000 /// 74345
2022-10-10 12:29:22.600 | INFO     | __main__:extract_white_address_features:51 - 5------66000 /// 74345
2022-10-10 12:29:50.396 | INFO     | __main__:extract_white_address_features:51 - 6------57000 /// 74345
2022-10-10 12:30:36.363 | INFO     | __main__:extract_white_address_features:51 - 5------67000 /// 74345
2022-10-10 12:31:05.881 | INFO     | __main__:extract_white_address_features:51 - 3------58000 /// 74345
2022-10-10 12:31:21.443 | INFO     | __main__:extract_white_address_features:51 - 7------69000 /// 74345
2022-10-10 12:31:31.437 | INFO     | __main__:extract_white_address_features:51 - 6------58000 /// 74345
2022-10-10 12:31:37.939 | INFO     | __main__:extract_white_address_features:51 - 5------68000 /// 74345
2022-10-10 12:33:00.405 | INFO     | __main__:extract_white_address_features:51 - 7------70000 /// 74345
2022-10-10 12:33:41.481 | INFO     | __main__:extract_white_address_features:51 - 5------69000 /// 74345
2022-10-10 12:33:57.263 | INFO     | __main__:extract_white_address_features:51 - 3------59000 /// 74345
2022-10-10 12:34:21.580 | INFO     | __main__:extract_white_address_features:51 - 8------74000 /// 74345
2022-10-10 12:34:42.569 | INFO     | __main__:extract_white_address_features:162 - 8       finish
2022-10-10 12:35:07.534 | INFO     | __main__:extract_white_address_features:51 - 6------59000 /// 74345
2022-10-10 12:35:15.164 | INFO     | __main__:extract_white_address_features:51 - 7------71000 /// 74345
2022-10-10 12:36:21.480 | INFO     | __main__:extract_white_address_features:51 - 3------60000 /// 74345
2022-10-10 12:37:23.595 | INFO     | __main__:extract_white_address_features:51 - 7------72000 /// 74345
2022-10-10 12:37:24.626 | INFO     | __main__:extract_white_address_features:51 - 6------60000 /// 74345
2022-10-10 12:38:33.195 | INFO     | __main__:extract_white_address_features:51 - 3------61000 /// 74345
2022-10-10 12:39:15.550 | INFO     | __main__:extract_white_address_features:51 - 7------73000 /// 74345
2022-10-10 12:39:30.593 | INFO     | __main__:extract_white_address_features:51 - 2------73000 /// 74345
2022-10-10 12:41:25.176 | INFO     | __main__:extract_white_address_features:51 - 2------74000 /// 74345
2022-10-10 12:41:27.883 | INFO     | __main__:extract_white_address_features:51 - 7------74000 /// 74345
2022-10-10 12:42:18.020 | INFO     | __main__:extract_white_address_features:51 - 5------70000 /// 74345
2022-10-10 12:42:30.790 | INFO     | __main__:extract_white_address_features:51 - 6------61000 /// 74345
2022-10-10 12:43:23.638 | INFO     | __main__:extract_white_address_features:51 - 3------62000 /// 74345
2022-10-10 12:43:53.713 | INFO     | __main__:extract_white_address_features:51 - 5------71000 /// 74345
2022-10-10 12:44:06.872 | INFO     | __main__:extract_white_address_features:162 - 2       finish
2022-10-10 12:44:24.782 | INFO     | __main__:extract_white_address_features:51 - 3------63000 /// 74345
2022-10-10 12:44:26.687 | INFO     | __main__:extract_white_address_features:51 - 6------62000 /// 74345
2022-10-10 12:45:26.369 | INFO     | __main__:extract_white_address_features:162 - 7       finish
2022-10-10 12:45:31.095 | INFO     | __main__:extract_white_address_features:51 - 5------72000 /// 74345
2022-10-10 12:45:37.617 | INFO     | __main__:extract_white_address_features:51 - 3------64000 /// 74345
2022-10-10 12:46:22.273 | INFO     | __main__:extract_white_address_features:51 - 6------63000 /// 74345
2022-10-10 12:47:02.740 | INFO     | __main__:extract_white_address_features:51 - 3------65000 /// 74345
2022-10-10 12:47:52.866 | INFO     | __main__:extract_white_address_features:51 - 5------73000 /// 74345
2022-10-10 12:49:00.647 | INFO     | __main__:extract_white_address_features:51 - 6------64000 /// 74345
2022-10-10 12:49:27.382 | INFO     | __main__:extract_white_address_features:51 - 3------66000 /// 74345
2022-10-10 12:49:43.520 | INFO     | __main__:extract_white_address_features:51 - 5------74000 /// 74345
2022-10-10 12:50:21.304 | INFO     | __main__:extract_white_address_features:162 - 5       finish
2022-10-10 12:53:18.414 | INFO     | __main__:extract_white_address_features:51 - 6------65000 /// 74345
2022-10-10 12:54:13.859 | INFO     | __main__:extract_white_address_features:51 - 6------66000 /// 74345
2022-10-10 12:55:40.930 | INFO     | __main__:extract_white_address_features:51 - 6------67000 /// 74345
2022-10-10 12:56:23.011 | INFO     | __main__:extract_white_address_features:51 - 3------67000 /// 74345
2022-10-10 12:57:15.057 | INFO     | __main__:extract_white_address_features:51 - 6------68000 /// 74345
2022-10-10 12:57:20.817 | INFO     | __main__:extract_white_address_features:51 - 3------68000 /// 74345
2022-10-10 12:58:30.392 | INFO     | __main__:extract_white_address_features:51 - 6------69000 /// 74345
2022-10-10 12:58:57.945 | INFO     | __main__:extract_white_address_features:51 - 3------69000 /// 74345
2022-10-10 12:59:52.214 | INFO     | __main__:extract_white_address_features:51 - 6------70000 /// 74345
2022-10-10 13:00:22.715 | INFO     | __main__:extract_white_address_features:51 - 3------70000 /// 74345
2022-10-10 13:01:42.357 | INFO     | __main__:extract_white_address_features:51 - 3------71000 /// 74345
2022-10-10 13:01:49.218 | INFO     | __main__:extract_white_address_features:51 - 6------71000 /// 74345
2022-10-10 13:03:02.754 | INFO     | __main__:extract_white_address_features:51 - 6------72000 /// 74345
2022-10-10 13:03:32.043 | INFO     | __main__:extract_white_address_features:51 - 3------72000 /// 74345
2022-10-10 13:04:13.349 | INFO     | __main__:extract_white_address_features:51 - 6------73000 /// 74345
2022-10-10 13:05:16.160 | INFO     | __main__:extract_white_address_features:51 - 6------74000 /// 74345
2022-10-10 13:05:20.321 | INFO     | __main__:extract_white_address_features:51 - 3------73000 /// 74345
2022-10-10 13:05:59.782 | INFO     | __main__:extract_white_address_features:162 - 6       finish
2022-10-10 13:07:02.970 | INFO     | __main__:extract_white_address_features:51 - 3------74000 /// 74345
2022-10-10 13:07:24.153 | INFO     | __main__:extract_white_address_features:162 - 3       finish
